

Started GET "/" for ::1 at 2015-02-09 12:44:11 +0000
Processing by Rails::WelcomeController#index as HTML
  Rendered /Users/kevinsamaranayake/.rvm/gems/ruby-2.2.0/gems/railties-4.2.0/lib/rails/templates/rails/welcome/index.html.erb (1.7ms)
Completed 200 OK in 22ms (Views: 10.4ms | ActiveRecord: 0.0ms)


Started GET "/" for ::1 at 2015-02-09 12:44:53 +0000
Processing by Rails::WelcomeController#index as HTML
  Rendered /Users/kevinsamaranayake/.rvm/gems/ruby-2.2.0/gems/railties-4.2.0/lib/rails/templates/rails/welcome/index.html.erb (1.8ms)
Completed 200 OK in 20ms (Views: 11.0ms | ActiveRecord: 0.0ms)


Started GET "/" for ::1 at 2015-02-11 12:21:39 +0000
Processing by Rails::WelcomeController#index as HTML
  Rendered /Users/kevinsamaranayake/.rvm/gems/ruby-2.2.0/gems/railties-4.2.0/lib/rails/templates/rails/welcome/index.html.erb (1.9ms)
Completed 200 OK in 21ms (Views: 12.4ms | ActiveRecord: 0.0ms)


Started GET "/" for ::1 at 2015-02-11 12:23:06 +0000
Processing by Rails::WelcomeController#index as HTML
  Rendered /Users/kevinsamaranayake/.rvm/gems/ruby-2.2.0/gems/railties-4.2.0/lib/rails/templates/rails/welcome/index.html.erb (1.9ms)
Completed 200 OK in 21ms (Views: 11.3ms | ActiveRecord: 0.0ms)


Started GET "/" for ::1 at 2015-02-11 12:23:17 +0000
Processing by Rails::WelcomeController#index as HTML
  Rendered /Users/kevinsamaranayake/.rvm/gems/ruby-2.2.0/gems/railties-4.2.0/lib/rails/templates/rails/welcome/index.html.erb (0.1ms)
Completed 200 OK in 3ms (Views: 2.2ms | ActiveRecord: 0.0ms)


Started GET "/pages/home" for ::1 at 2015-02-11 12:23:21 +0000
Processing by PagesController#home as HTML
  Rendered pages/home.html.erb within layouts/application (0.3ms)
Completed 200 OK in 1314ms (Views: 1313.6ms | ActiveRecord: 0.0ms)


Started GET "/assets/pages-64e62ddc273c2f5847f30d698ca14b67.css?body=1" for ::1 at 2015-02-11 12:23:23 +0000


Started GET "/assets/application-5266d2988799ecc8fe6e81eaab412e7d.css?body=1" for 127.0.0.1 at 2015-02-11 12:23:23 +0000


Started GET "/assets/jquery-87424c3c19e96d4fb033c10ebe21ec40.js?body=1" for 127.0.0.1 at 2015-02-11 12:23:23 +0000


Started GET "/assets/jquery_ujs-e27bd20a10d28155845a22d71ef94f2f.js?body=1" for 127.0.0.1 at 2015-02-11 12:23:23 +0000


Started GET "/assets/turbolinks-da8ddad9c2c5483d4c5c30c1ce325253.js?body=1" for 127.0.0.1 at 2015-02-11 12:23:23 +0000


Started GET "/assets/pages-fcec5b5a277ac7c20cc9f45a209a3bcd.js?body=1" for 127.0.0.1 at 2015-02-11 12:23:23 +0000


Started GET "/assets/application-79e1233a68e5fdd328d8a2ea17ddef8a.js?body=1" for ::1 at 2015-02-11 12:23:23 +0000


Started GET "/pages/home" for ::1 at 2015-02-11 12:24:24 +0000
Processing by PagesController#home as HTML
  Rendered pages/home.html.erb within layouts/application (0.4ms)
Completed 200 OK in 46ms (Views: 45.6ms | ActiveRecord: 0.0ms)


Started GET "/assets/pages-64e62ddc273c2f5847f30d698ca14b67.css?body=1" for ::1 at 2015-02-11 12:24:24 +0000


Started GET "/assets/application-5266d2988799ecc8fe6e81eaab412e7d.css?body=1" for ::1 at 2015-02-11 12:24:25 +0000


Started GET "/assets/application-79e1233a68e5fdd328d8a2ea17ddef8a.js?body=1" for ::1 at 2015-02-11 12:24:25 +0000


Started GET "/assets/jquery_ujs-e27bd20a10d28155845a22d71ef94f2f.js?body=1" for ::1 at 2015-02-11 12:24:25 +0000


Started GET "/assets/jquery-87424c3c19e96d4fb033c10ebe21ec40.js?body=1" for ::1 at 2015-02-11 12:24:25 +0000


Started GET "/assets/turbolinks-da8ddad9c2c5483d4c5c30c1ce325253.js?body=1" for ::1 at 2015-02-11 12:24:25 +0000


Started GET "/assets/pages-fcec5b5a277ac7c20cc9f45a209a3bcd.js?body=1" for ::1 at 2015-02-11 12:24:25 +0000


Started GET "/" for ::1 at 2015-02-11 12:30:53 +0000
Processing by PagesController#home as HTML
  Rendered pages/home.html.erb within layouts/application (1.4ms)
Completed 200 OK in 123ms (Views: 114.3ms | ActiveRecord: 0.0ms)


Started GET "/" for ::1 at 2015-02-11 12:30:54 +0000
Processing by PagesController#home as HTML
  Rendered pages/home.html.erb within layouts/application (0.1ms)
Completed 200 OK in 34ms (Views: 34.0ms | ActiveRecord: 0.0ms)


Started GET "/assets/pages-64e62ddc273c2f5847f30d698ca14b67.css?body=1" for ::1 at 2015-02-11 12:30:54 +0000


Started GET "/assets/jquery_ujs-e27bd20a10d28155845a22d71ef94f2f.js?body=1" for ::1 at 2015-02-11 12:30:54 +0000


Started GET "/assets/jquery-87424c3c19e96d4fb033c10ebe21ec40.js?body=1" for ::1 at 2015-02-11 12:30:54 +0000


Started GET "/assets/application-5266d2988799ecc8fe6e81eaab412e7d.css?body=1" for ::1 at 2015-02-11 12:30:54 +0000


Started GET "/assets/application-79e1233a68e5fdd328d8a2ea17ddef8a.js?body=1" for ::1 at 2015-02-11 12:30:54 +0000


Started GET "/assets/pages-fcec5b5a277ac7c20cc9f45a209a3bcd.js?body=1" for ::1 at 2015-02-11 12:30:54 +0000


Started GET "/assets/turbolinks-da8ddad9c2c5483d4c5c30c1ce325253.js?body=1" for ::1 at 2015-02-11 12:30:54 +0000
